CRITICAL - 2020-07-12 20:07:01 --> Undefined property: CodeIgniter\View\View::$load
#0 C:\xampp\htdocs\portfolio\app\Views\pages\home.php(18): CodeIgniter\Debug\Exceptions->errorHandler(8, 'Undefined prope...', 'C:\\xampp\\htdocs...', 18, Array)
#1 C:\xampp\htdocs\portfolio\system\View\View.php(246): include('C:\\xampp\\htdocs...')
#2 C:\xampp\htdocs\portfolio\system\Common.php(1087): CodeIgniter\View\View->render('pages/home', Array, true)
#3 C:\xampp\htdocs\portfolio\app\Controllers\Pages.php(17): view('pages/home', Array)
#4 C:\xampp\htdocs\portfolio\system\CodeIgniter.php(914): App\Controllers\Pages->home()
#5 C:\xampp\htdocs\portfolio\system\CodeIgniter.php(400): CodeIgniter\CodeIgniter->runController(Object(App\Controllers\Pages))
#6 C:\xampp\htdocs\portfolio\system\CodeIgniter.php(308): CodeIgniter\CodeIgniter->handleRequest(NULL, Object(Config\Cache), false)
#7 C:\xampp\htdocs\portfolio\public\index.php(45): CodeIgniter\CodeIgniter->run()
#8 {main}
CRITICAL - 2020-07-12 20:07:56 --> Call to undefined method CodeIgniter\View\View::view()
#0 C:\xampp\htdocs\portfolio\system\View\View.php(246): include()
#1 C:\xampp\htdocs\portfolio\system\Common.php(1087): CodeIgniter\View\View->render('pages/home', Array, true)
#2 C:\xampp\htdocs\portfolio\app\Controllers\Pages.php(17): view('pages/home', Array)
#3 C:\xampp\htdocs\portfolio\system\CodeIgniter.php(914): App\Controllers\Pages->home()
#4 C:\xampp\htdocs\portfolio\system\CodeIgniter.php(400): CodeIgniter\CodeIgniter->runController(Object(App\Controllers\Pages))
#5 C:\xampp\htdocs\portfolio\system\CodeIgniter.php(308): CodeIgniter\CodeIgniter->handleRequest(NULL, Object(Config\Cache), false)
#6 C:\xampp\htdocs\portfolio\public\index.php(45): CodeIgniter\CodeIgniter->run()
#7 {main}
CRITICAL - 2020-07-12 20:09:34 --> Call to undefined method CodeIgniter\View\View::view()
#0 C:\xampp\htdocs\portfolio\system\View\View.php(246): include()
#1 C:\xampp\htdocs\portfolio\system\Common.php(1087): CodeIgniter\View\View->render('pages/home', Array, true)
#2 C:\xampp\htdocs\portfolio\app\Controllers\Pages.php(17): view('pages/home', Array)
#3 C:\xampp\htdocs\portfolio\system\CodeIgniter.php(914): App\Controllers\Pages->home()
#4 C:\xampp\htdocs\portfolio\system\CodeIgniter.php(400): CodeIgniter\CodeIgniter->runController(Object(App\Controllers\Pages))
#5 C:\xampp\htdocs\portfolio\system\CodeIgniter.php(308): CodeIgniter\CodeIgniter->handleRequest(NULL, Object(Config\Cache), false)
#6 C:\xampp\htdocs\portfolio\public\index.php(45): CodeIgniter\CodeIgniter->run()
#7 {main}
CRITICAL - 2020-07-12 20:10:29 --> Non valido il file: {0}
#0 C:\xampp\htdocs\portfolio\system\View\View.php(228): CodeIgniter\Exceptions\FrameworkException::forInvalidFile('pages/templates...')
#1 C:\xampp\htdocs\portfolio\system\Common.php(1087): CodeIgniter\View\View->render('pages/templates...', Array, true)
#2 C:\xampp\htdocs\portfolio\app\Views\pages\home.php(18): view('pages/templates...')
#3 C:\xampp\htdocs\portfolio\system\View\View.php(246): include('C:\\xampp\\htdocs...')
#4 C:\xampp\htdocs\portfolio\system\Common.php(1087): CodeIgniter\View\View->render('pages/home', Array, true)
#5 C:\xampp\htdocs\portfolio\app\Controllers\Pages.php(17): view('pages/home', Array)
#6 C:\xampp\htdocs\portfolio\system\CodeIgniter.php(914): App\Controllers\Pages->home()
#7 C:\xampp\htdocs\portfolio\system\CodeIgniter.php(400): CodeIgniter\CodeIgniter->runController(Object(App\Controllers\Pages))
#8 C:\xampp\htdocs\portfolio\system\CodeIgniter.php(308): CodeIgniter\CodeIgniter->handleRequest(NULL, Object(Config\Cache), false)
#9 C:\xampp\htdocs\portfolio\public\index.php(45): CodeIgniter\CodeIgniter->run()
#10 {main}
CRITICAL - 2020-07-12 20:10:30 --> Non valido il file: {0}
#0 C:\xampp\htdocs\portfolio\system\View\View.php(228): CodeIgniter\Exceptions\FrameworkException::forInvalidFile('pages/templates...')
#1 C:\xampp\htdocs\portfolio\system\Common.php(1087): CodeIgniter\View\View->render('pages/templates...', Array, true)
#2 C:\xampp\htdocs\portfolio\app\Views\pages\home.php(18): view('pages/templates...')
#3 C:\xampp\htdocs\portfolio\system\View\View.php(246): include('C:\\xampp\\htdocs...')
#4 C:\xampp\htdocs\portfolio\system\Common.php(1087): CodeIgniter\View\View->render('pages/home', Array, true)
#5 C:\xampp\htdocs\portfolio\app\Controllers\Pages.php(17): view('pages/home', Array)
#6 C:\xampp\htdocs\portfolio\system\CodeIgniter.php(914): App\Controllers\Pages->home()
#7 C:\xampp\htdocs\portfolio\system\CodeIgniter.php(400): CodeIgniter\CodeIgniter->runController(Object(App\Controllers\Pages))
#8 C:\xampp\htdocs\portfolio\system\CodeIgniter.php(308): CodeIgniter\CodeIgniter->handleRequest(NULL, Object(Config\Cache), false)
#9 C:\xampp\htdocs\portfolio\public\index.php(45): CodeIgniter\CodeIgniter->run()
#10 {main}
CRITICAL - 2020-07-12 20:10:45 --> Non valido il file: {0}
#0 C:\xampp\htdocs\portfolio\system\View\View.php(228): CodeIgniter\Exceptions\FrameworkException::forInvalidFile('templates/foote...')
#1 C:\xampp\htdocs\portfolio\system\Common.php(1087): CodeIgniter\View\View->render('templates/foote...', Array, true)
#2 C:\xampp\htdocs\portfolio\app\Views\pages\home.php(18): view('templates/foote...')
#3 C:\xampp\htdocs\portfolio\system\View\View.php(246): include('C:\\xampp\\htdocs...')
#4 C:\xampp\htdocs\portfolio\system\Common.php(1087): CodeIgniter\View\View->render('pages/home', Array, true)
#5 C:\xampp\htdocs\portfolio\app\Controllers\Pages.php(17): view('pages/home', Array)
#6 C:\xampp\htdocs\portfolio\system\CodeIgniter.php(914): App\Controllers\Pages->home()
#7 C:\xampp\htdocs\portfolio\system\CodeIgniter.php(400): CodeIgniter\CodeIgniter->runController(Object(App\Controllers\Pages))
#8 C:\xampp\htdocs\portfolio\system\CodeIgniter.php(308): CodeIgniter\CodeIgniter->handleRequest(NULL, Object(Config\Cache), false)
#9 C:\xampp\htdocs\portfolio\public\index.php(45): CodeIgniter\CodeIgniter->run()
#10 {main}
CRITICAL - 2020-07-12 20:10:46 --> Non valido il file: {0}
#0 C:\xampp\htdocs\portfolio\system\View\View.php(228): CodeIgniter\Exceptions\FrameworkException::forInvalidFile('templates/foote...')
#1 C:\xampp\htdocs\portfolio\system\Common.php(1087): CodeIgniter\View\View->render('templates/foote...', Array, true)
#2 C:\xampp\htdocs\portfolio\app\Views\pages\home.php(18): view('templates/foote...')
#3 C:\xampp\htdocs\portfolio\system\View\View.php(246): include('C:\\xampp\\htdocs...')
#4 C:\xampp\htdocs\portfolio\system\Common.php(1087): CodeIgniter\View\View->render('pages/home', Array, true)
#5 C:\xampp\htdocs\portfolio\app\Controllers\Pages.php(17): view('pages/home', Array)
#6 C:\xampp\htdocs\portfolio\system\CodeIgniter.php(914): App\Controllers\Pages->home()
#7 C:\xampp\htdocs\portfolio\system\CodeIgniter.php(400): CodeIgniter\CodeIgniter->runController(Object(App\Controllers\Pages))
#8 C:\xampp\htdocs\portfolio\system\CodeIgniter.php(308): CodeIgniter\CodeIgniter->handleRequest(NULL, Object(Config\Cache), false)
#9 C:\xampp\htdocs\portfolio\public\index.php(45): CodeIgniter\CodeIgniter->run()
#10 {main}
CRITICAL - 2020-07-12 20:10:46 --> Non valido il file: {0}
#0 C:\xampp\htdocs\portfolio\system\View\View.php(228): CodeIgniter\Exceptions\FrameworkException::forInvalidFile('templates/foote...')
#1 C:\xampp\htdocs\portfolio\system\Common.php(1087): CodeIgniter\View\View->render('templates/foote...', Array, true)
#2 C:\xampp\htdocs\portfolio\app\Views\pages\home.php(18): view('templates/foote...')
#3 C:\xampp\htdocs\portfolio\system\View\View.php(246): include('C:\\xampp\\htdocs...')
#4 C:\xampp\htdocs\portfolio\system\Common.php(1087): CodeIgniter\View\View->render('pages/home', Array, true)
#5 C:\xampp\htdocs\portfolio\app\Controllers\Pages.php(17): view('pages/home', Array)
#6 C:\xampp\htdocs\portfolio\system\CodeIgniter.php(914): App\Controllers\Pages->home()
#7 C:\xampp\htdocs\portfolio\system\CodeIgniter.php(400): CodeIgniter\CodeIgniter->runController(Object(App\Controllers\Pages))
#8 C:\xampp\htdocs\portfolio\system\CodeIgniter.php(308): CodeIgniter\CodeIgniter->handleRequest(NULL, Object(Config\Cache), false)
#9 C:\xampp\htdocs\portfolio\public\index.php(45): CodeIgniter\CodeIgniter->run()
#10 {main}
CRITICAL - 2020-07-12 20:10:47 --> Non valido il file: {0}
#0 C:\xampp\htdocs\portfolio\system\View\View.php(228): CodeIgniter\Exceptions\FrameworkException::forInvalidFile('templates/foote...')
#1 C:\xampp\htdocs\portfolio\system\Common.php(1087): CodeIgniter\View\View->render('templates/foote...', Array, true)
#2 C:\xampp\htdocs\portfolio\app\Views\pages\home.php(18): view('templates/foote...')
#3 C:\xampp\htdocs\portfolio\system\View\View.php(246): include('C:\\xampp\\htdocs...')
#4 C:\xampp\htdocs\portfolio\system\Common.php(1087): CodeIgniter\View\View->render('pages/home', Array, true)
#5 C:\xampp\htdocs\portfolio\app\Controllers\Pages.php(17): view('pages/home', Array)
#6 C:\xampp\htdocs\portfolio\system\CodeIgniter.php(914): App\Controllers\Pages->home()
#7 C:\xampp\htdocs\portfolio\system\CodeIgniter.php(400): CodeIgniter\CodeIgniter->runController(Object(App\Controllers\Pages))
#8 C:\xampp\htdocs\portfolio\system\CodeIgniter.php(308): CodeIgniter\CodeIgniter->handleRequest(NULL, Object(Config\Cache), false)
#9 C:\xampp\htdocs\portfolio\public\index.php(45): CodeIgniter\CodeIgniter->run()
#10 {main}
CRITICAL - 2020-07-12 20:10:47 --> Non valido il file: {0}
#0 C:\xampp\htdocs\portfolio\system\View\View.php(228): CodeIgniter\Exceptions\FrameworkException::forInvalidFile('templates/foote...')
#1 C:\xampp\htdocs\portfolio\system\Common.php(1087): CodeIgniter\View\View->render('templates/foote...', Array, true)
#2 C:\xampp\htdocs\portfolio\app\Views\pages\home.php(18): view('templates/foote...')
#3 C:\xampp\htdocs\portfolio\system\View\View.php(246): include('C:\\xampp\\htdocs...')
#4 C:\xampp\htdocs\portfolio\system\Common.php(1087): CodeIgniter\View\View->render('pages/home', Array, true)
#5 C:\xampp\htdocs\portfolio\app\Controllers\Pages.php(17): view('pages/home', Array)
#6 C:\xampp\htdocs\portfolio\system\CodeIgniter.php(914): App\Controllers\Pages->home()
#7 C:\xampp\htdocs\portfolio\system\CodeIgniter.php(400): CodeIgniter\CodeIgniter->runController(Object(App\Controllers\Pages))
#8 C:\xampp\htdocs\portfolio\system\CodeIgniter.php(308): CodeIgniter\CodeIgniter->handleRequest(NULL, Object(Config\Cache), false)
#9 C:\xampp\htdocs\portfolio\public\index.php(45): CodeIgniter\CodeIgniter->run()
#10 {main}
CRITICAL - 2020-07-12 20:11:10 --> Non valido il file: {0}
#0 C:\xampp\htdocs\portfolio\system\View\View.php(228): CodeIgniter\Exceptions\FrameworkException::forInvalidFile('templates/foote...')
#1 C:\xampp\htdocs\portfolio\system\Common.php(1087): CodeIgniter\View\View->render('templates/foote...', Array, true)
#2 C:\xampp\htdocs\portfolio\app\Views\pages\home.php(18): view('templates/foote...')
#3 C:\xampp\htdocs\portfolio\system\View\View.php(246): include('C:\\xampp\\htdocs...')
#4 C:\xampp\htdocs\portfolio\system\Common.php(1087): CodeIgniter\View\View->render('pages/home', Array, true)
#5 C:\xampp\htdocs\portfolio\app\Controllers\Pages.php(17): view('pages/home', Array)
#6 C:\xampp\htdocs\portfolio\system\CodeIgniter.php(914): App\Controllers\Pages->home()
#7 C:\xampp\htdocs\portfolio\system\CodeIgniter.php(400): CodeIgniter\CodeIgniter->runController(Object(App\Controllers\Pages))
#8 C:\xampp\htdocs\portfolio\system\CodeIgniter.php(308): CodeIgniter\CodeIgniter->handleRequest(NULL, Object(Config\Cache), false)
#9 C:\xampp\htdocs\portfolio\public\index.php(45): CodeIgniter\CodeIgniter->run()
#10 {main}
CRITICAL - 2020-07-12 20:11:54 --> Call to undefined method CodeIgniter\View\View::view()
#0 C:\xampp\htdocs\portfolio\system\View\View.php(246): include()
#1 C:\xampp\htdocs\portfolio\system\Common.php(1087): CodeIgniter\View\View->render('pages/home', Array, true)
#2 C:\xampp\htdocs\portfolio\app\Controllers\Pages.php(17): view('pages/home', Array)
#3 C:\xampp\htdocs\portfolio\system\CodeIgniter.php(914): App\Controllers\Pages->home()
#4 C:\xampp\htdocs\portfolio\system\CodeIgniter.php(400): CodeIgniter\CodeIgniter->runController(Object(App\Controllers\Pages))
#5 C:\xampp\htdocs\portfolio\system\CodeIgniter.php(308): CodeIgniter\CodeIgniter->handleRequest(NULL, Object(Config\Cache), false)
#6 C:\xampp\htdocs\portfolio\public\index.php(45): CodeIgniter\CodeIgniter->run()
#7 {main}
CRITICAL - 2020-07-12 20:13:58 --> Undefined property: CodeIgniter\View\View::$load
#0 C:\xampp\htdocs\portfolio\app\Views\pages\home.php(17): CodeIgniter\Debug\Exceptions->errorHandler(8, 'Undefined prope...', 'C:\\xampp\\htdocs...', 17, Array)
#1 C:\xampp\htdocs\portfolio\system\View\View.php(246): include('C:\\xampp\\htdocs...')
#2 C:\xampp\htdocs\portfolio\system\Common.php(1087): CodeIgniter\View\View->render('pages/home', Array, true)
#3 C:\xampp\htdocs\portfolio\app\Controllers\Pages.php(17): view('pages/home', Array)
#4 C:\xampp\htdocs\portfolio\system\CodeIgniter.php(914): App\Controllers\Pages->home()
#5 C:\xampp\htdocs\portfolio\system\CodeIgniter.php(400): CodeIgniter\CodeIgniter->runController(Object(App\Controllers\Pages))
#6 C:\xampp\htdocs\portfolio\system\CodeIgniter.php(308): CodeIgniter\CodeIgniter->handleRequest(NULL, Object(Config\Cache), false)
#7 C:\xampp\htdocs\portfolio\public\index.php(45): CodeIgniter\CodeIgniter->run()
#8 {main}
CRITICAL - 2020-07-12 20:13:59 --> Undefined property: CodeIgniter\View\View::$load
#0 C:\xampp\htdocs\portfolio\app\Views\pages\home.php(17): CodeIgniter\Debug\Exceptions->errorHandler(8, 'Undefined prope...', 'C:\\xampp\\htdocs...', 17, Array)
#1 C:\xampp\htdocs\portfolio\system\View\View.php(246): include('C:\\xampp\\htdocs...')
#2 C:\xampp\htdocs\portfolio\system\Common.php(1087): CodeIgniter\View\View->render('pages/home', Array, true)
#3 C:\xampp\htdocs\portfolio\app\Controllers\Pages.php(17): view('pages/home', Array)
#4 C:\xampp\htdocs\portfolio\system\CodeIgniter.php(914): App\Controllers\Pages->home()
#5 C:\xampp\htdocs\portfolio\system\CodeIgniter.php(400): CodeIgniter\CodeIgniter->runController(Object(App\Controllers\Pages))
#6 C:\xampp\htdocs\portfolio\system\CodeIgniter.php(308): CodeIgniter\CodeIgniter->handleRequest(NULL, Object(Config\Cache), false)
#7 C:\xampp\htdocs\portfolio\public\index.php(45): CodeIgniter\CodeIgniter->run()
#8 {main}
CRITICAL - 2020-07-12 20:14:00 --> Undefined property: CodeIgniter\View\View::$load
#0 C:\xampp\htdocs\portfolio\app\Views\pages\home.php(17): CodeIgniter\Debug\Exceptions->errorHandler(8, 'Undefined prope...', 'C:\\xampp\\htdocs...', 17, Array)
#1 C:\xampp\htdocs\portfolio\system\View\View.php(246): include('C:\\xampp\\htdocs...')
#2 C:\xampp\htdocs\portfolio\system\Common.php(1087): CodeIgniter\View\View->render('pages/home', Array, true)
#3 C:\xampp\htdocs\portfolio\app\Controllers\Pages.php(17): view('pages/home', Array)
#4 C:\xampp\htdocs\portfolio\system\CodeIgniter.php(914): App\Controllers\Pages->home()
#5 C:\xampp\htdocs\portfolio\system\CodeIgniter.php(400): CodeIgniter\CodeIgniter->runController(Object(App\Controllers\Pages))
#6 C:\xampp\htdocs\portfolio\system\CodeIgniter.php(308): CodeIgniter\CodeIgniter->handleRequest(NULL, Object(Config\Cache), false)
#7 C:\xampp\htdocs\portfolio\public\index.php(45): CodeIgniter\CodeIgniter->run()
#8 {main}
CRITICAL - 2020-07-12 20:14:00 --> Undefined property: CodeIgniter\View\View::$load
#0 C:\xampp\htdocs\portfolio\app\Views\pages\home.php(17): CodeIgniter\Debug\Exceptions->errorHandler(8, 'Undefined prope...', 'C:\\xampp\\htdocs...', 17, Array)
#1 C:\xampp\htdocs\portfolio\system\View\View.php(246): include('C:\\xampp\\htdocs...')
#2 C:\xampp\htdocs\portfolio\system\Common.php(1087): CodeIgniter\View\View->render('pages/home', Array, true)
#3 C:\xampp\htdocs\portfolio\app\Controllers\Pages.php(17): view('pages/home', Array)
#4 C:\xampp\htdocs\portfolio\system\CodeIgniter.php(914): App\Controllers\Pages->home()
#5 C:\xampp\htdocs\portfolio\system\CodeIgniter.php(400): CodeIgniter\CodeIgniter->runController(Object(App\Controllers\Pages))
#6 C:\xampp\htdocs\portfolio\system\CodeIgniter.php(308): CodeIgniter\CodeIgniter->handleRequest(NULL, Object(Config\Cache), false)
#7 C:\xampp\htdocs\portfolio\public\index.php(45): CodeIgniter\CodeIgniter->run()
#8 {main}
CRITICAL - 2020-07-12 20:14:00 --> Undefined property: CodeIgniter\View\View::$load
#0 C:\xampp\htdocs\portfolio\app\Views\pages\home.php(17): CodeIgniter\Debug\Exceptions->errorHandler(8, 'Undefined prope...', 'C:\\xampp\\htdocs...', 17, Array)
#1 C:\xampp\htdocs\portfolio\system\View\View.php(246): include('C:\\xampp\\htdocs...')
#2 C:\xampp\htdocs\portfolio\system\Common.php(1087): CodeIgniter\View\View->render('pages/home', Array, true)
#3 C:\xampp\htdocs\portfolio\app\Controllers\Pages.php(17): view('pages/home', Array)
#4 C:\xampp\htdocs\portfolio\system\CodeIgniter.php(914): App\Controllers\Pages->home()
#5 C:\xampp\htdocs\portfolio\system\CodeIgniter.php(400): CodeIgniter\CodeIgniter->runController(Object(App\Controllers\Pages))
#6 C:\xampp\htdocs\portfolio\system\CodeIgniter.php(308): CodeIgniter\CodeIgniter->handleRequest(NULL, Object(Config\Cache), false)
#7 C:\xampp\htdocs\portfolio\public\index.php(45): CodeIgniter\CodeIgniter->run()
#8 {main}
